{"/home/ubuntu/WeShare/backend/server.js": {"path":"/home/ubuntu/WeShare/backend/server.js","statementMap":{"0":{"start":{"line":1,"column":13},"end":{"line":1,"column":17}},"1":{"start":{"line":2,"column":16},"end":{"line":2,"column":34}},"2":{"start":{"line":3,"column":12},"end":{"line":3,"column":21}},"3":{"start":{"line":4,"column":19},"end":{"line":4,"column":41}},"4":{"start":{"line":6,"column":0},"end":{"line":6,"column":27}},"5":{"start":{"line":7,"column":0},"end":{"line":7,"column":62}},"6":{"start":{"line":7,"column":27},"end":{"line":7,"column":60}},"7":{"start":{"line":9,"column":19},"end":{"line":9,"column":48}},"8":{"start":{"line":10,"column":0},"end":{"line":10,"column":29}},"9":{"start":{"line":12,"column":19},"end":{"line":12,"column":48}},"10":{"start":{"line":13,"column":0},"end":{"line":13,"column":29}},"11":{"start":{"line":15,"column":19},"end":{"line":15,"column":48}},"12":{"start":{"line":16,"column":0},"end":{"line":16,"column":29}},"13":{"start":{"line":18,"column":20},"end":{"line":18,"column":50}},"14":{"start":{"line":19,"column":0},"end":{"line":19,"column":32}},"15":{"start":{"line":21,"column":20},"end":{"line":21,"column":50}},"16":{"start":{"line":22,"column":0},"end":{"line":22,"column":32}},"17":{"start":{"line":24,"column":15},"end":{"line":26,"column":2}},"18":{"start":{"line":25,"column":2},"end":{"line":25,"column":54}},"19":{"start":{"line":28,"column":0},"end":{"line":28,"column":24}}},"fnMap":{"0":{"name":"(anonymous_0)","decl":{"start":{"line":7,"column":12},"end":{"line":7,"column":13}},"loc":{"start":{"line":7,"column":26},"end":{"line":7,"column":61}},"line":7},"1":{"name":"(anonymous_1)","decl":{"start":{"line":24,"column":32},"end":{"line":24,"column":33}},"loc":{"start":{"line":24,"column":38},"end":{"line":26,"column":1}},"line":24}},"branchMap":{},"s":{"0":1,"1":1,"2":1,"3":1,"4":1,"5":1,"6":0,"7":1,"8":1,"9":1,"10":1,"11":1,"12":1,"13":1,"14":1,"15":1,"16":1,"17":1,"18":1,"19":1},"f":{"0":0,"1":1},"b":{},"_coverageSchema":"1a1c01bbd47fc00a2c39e90264f33305004495a9","hash":"58afcb45aeb03796cb40b795053c183ed20700b0"}
,"/home/ubuntu/WeShare/backend/controllers/chatController.js": {"path":"/home/ubuntu/WeShare/backend/controllers/chatController.js","statementMap":{"0":{"start":{"line":1,"column":18},"end":{"line":1,"column":48}},"1":{"start":{"line":3,"column":0},"end":{"line":22,"column":1}},"2":{"start":{"line":5,"column":26},"end":{"line":5,"column":37}},"3":{"start":{"line":6,"column":30},"end":{"line":6,"column":43}},"4":{"start":{"line":7,"column":23},"end":{"line":7,"column":67}},"5":{"start":{"line":8,"column":8},"end":{"line":8,"column":54}},"6":{"start":{"line":11,"column":26},"end":{"line":11,"column":37}},"7":{"start":{"line":12,"column":23},"end":{"line":12,"column":63}},"8":{"start":{"line":13,"column":8},"end":{"line":13,"column":54}},"9":{"start":{"line":16,"column":26},"end":{"line":16,"column":37}},"10":{"start":{"line":17,"column":30},"end":{"line":17,"column":43}},"11":{"start":{"line":18,"column":28},"end":{"line":18,"column":36}},"12":{"start":{"line":19,"column":23},"end":{"line":19,"column":75}},"13":{"start":{"line":20,"column":8},"end":{"line":20,"column":53}}},"fnMap":{"0":{"name":"(anonymous_0)","decl":{"start":{"line":4,"column":16},"end":{"line":4,"column":17}},"loc":{"start":{"line":4,"column":36},"end":{"line":9,"column":5}},"line":4},"1":{"name":"(anonymous_1)","decl":{"start":{"line":10,"column":23},"end":{"line":10,"column":24}},"loc":{"start":{"line":10,"column":43},"end":{"line":14,"column":5}},"line":10},"2":{"name":"(anonymous_2)","decl":{"start":{"line":15,"column":17},"end":{"line":15,"column":18}},"loc":{"start":{"line":15,"column":37},"end":{"line":21,"column":5}},"line":15}},"branchMap":{},"s":{"0":1,"1":1,"2":0,"3":0,"4":0,"5":0,"6":0,"7":0,"8":0,"9":0,"10":0,"11":0,"12":0,"13":0},"f":{"0":0,"1":0,"2":0},"b":{},"_coverageSchema":"1a1c01bbd47fc00a2c39e90264f33305004495a9","hash":"3734bc97c59811bb7971eadbf58c37d1a51d58c2"}
,"/home/ubuntu/WeShare/backend/controllers/eventController.js": {"path":"/home/ubuntu/WeShare/backend/controllers/eventController.js","statementMap":{"0":{"start":{"line":1,"column":19},"end":{"line":1,"column":50}},"1":{"start":{"line":3,"column":0},"end":{"line":9,"column":1}},"2":{"start":{"line":5,"column":19},"end":{"line":5,"column":30}},"3":{"start":{"line":6,"column":23},"end":{"line":6,"column":57}},"4":{"start":{"line":7,"column":8},"end":{"line":7,"column":54}}},"fnMap":{"0":{"name":"(anonymous_0)","decl":{"start":{"line":4,"column":14},"end":{"line":4,"column":15}},"loc":{"start":{"line":4,"column":34},"end":{"line":8,"column":5}},"line":4}},"branchMap":{},"s":{"0":1,"1":1,"2":0,"3":0,"4":0},"f":{"0":0},"b":{},"_coverageSchema":"1a1c01bbd47fc00a2c39e90264f33305004495a9","hash":"553928159aedc49a2090be86813149df42a10692"}
,"/home/ubuntu/WeShare/backend/controllers/itemController.js": {"path":"/home/ubuntu/WeShare/backend/controllers/itemController.js","statementMap":{"0":{"start":{"line":1,"column":18},"end":{"line":1,"column":48}},"1":{"start":{"line":2,"column":11},"end":{"line":2,"column":24}},"2":{"start":{"line":3,"column":0},"end":{"line":3,"column":27}},"3":{"start":{"line":5,"column":0},"end":{"line":96,"column":1}},"4":{"start":{"line":7,"column":26},"end":{"line":7,"column":37}},"5":{"start":{"line":8,"column":116},"end":{"line":8,"column":124}},"6":{"start":{"line":9,"column":8},"end":{"line":11,"column":9}},"7":{"start":{"line":10,"column":12},"end":{"line":10,"column":78}},"8":{"start":{"line":12,"column":23},"end":{"line":12,"column":159}},"9":{"start":{"line":13,"column":8},"end":{"line":13,"column":54}},"10":{"start":{"line":17,"column":24},"end":{"line":17,"column":47}},"11":{"start":{"line":18,"column":21},"end":{"line":18,"column":58}},"12":{"start":{"line":19,"column":8},"end":{"line":19,"column":52}},"13":{"start":{"line":23,"column":24},"end":{"line":23,"column":41}},"14":{"start":{"line":24,"column":20},"end":{"line":24,"column":33}},"15":{"start":{"line":25,"column":25},"end":{"line":25,"column":42}},"16":{"start":{"line":26,"column":26},"end":{"line":26,"column":44}},"17":{"start":{"line":27,"column":21},"end":{"line":27,"column":37}},"18":{"start":{"line":28,"column":25},"end":{"line":28,"column":27}},"19":{"start":{"line":29,"column":8},"end":{"line":34,"column":9}},"20":{"start":{"line":31,"column":27},"end":{"line":31,"column":56}},"21":{"start":{"line":32,"column":34},"end":{"line":32,"column":58}},"22":{"start":{"line":33,"column":12},"end":{"line":33,"column":51}},"23":{"start":{"line":35,"column":22},"end":{"line":35,"column":24}},"24":{"start":{"line":36,"column":21},"end":{"line":36,"column":112}},"25":{"start":{"line":37,"column":27},"end":{"line":37,"column":29}},"26":{"start":{"line":38,"column":8},"end":{"line":50,"column":9}},"27":{"start":{"line":39,"column":31},"end":{"line":39,"column":48}},"28":{"start":{"line":40,"column":32},"end":{"line":42,"column":13}},"29":{"start":{"line":43,"column":31},"end":{"line":43,"column":58}},"30":{"start":{"line":44,"column":12},"end":{"line":44,"column":70}},"31":{"start":{"line":46,"column":12},"end":{"line":46,"column":25}},"32":{"start":{"line":49,"column":12},"end":{"line":49,"column":32}},"33":{"start":{"line":51,"column":8},"end":{"line":54,"column":11}},"34":{"start":{"line":57,"column":26},"end":{"line":57,"column":65}},"35":{"start":{"line":58,"column":8},"end":{"line":60,"column":9}},"36":{"start":{"line":59,"column":12},"end":{"line":59,"column":80}},"37":{"start":{"line":63,"column":24},"end":{"line":63,"column":47}},"38":{"start":{"line":64,"column":26},"end":{"line":64,"column":65}},"39":{"start":{"line":65,"column":8},"end":{"line":67,"column":9}},"40":{"start":{"line":66,"column":12},"end":{"line":66,"column":80}},"41":{"start":{"line":68,"column":102},"end":{"line":68,"column":110}},"42":{"start":{"line":69,"column":23},"end":{"line":69,"column":147}},"43":{"start":{"line":70,"column":8},"end":{"line":70,"column":54}},"44":{"start":{"line":73,"column":22},"end":{"line":73,"column":30}},"45":{"start":{"line":74,"column":24},"end":{"line":74,"column":47}},"46":{"start":{"line":75,"column":26},"end":{"line":75,"column":65}},"47":{"start":{"line":76,"column":8},"end":{"line":78,"column":9}},"48":{"start":{"line":77,"column":12},"end":{"line":77,"column":80}},"49":{"start":{"line":79,"column":8},"end":{"line":83,"column":9}},"50":{"start":{"line":80,"column":12},"end":{"line":82,"column":14}},"51":{"start":{"line":84,"column":26},"end":{"line":84,"column":60}},"52":{"start":{"line":85,"column":8},"end":{"line":91,"column":11}},"53":{"start":{"line":86,"column":12},"end":{"line":90,"column":13}},"54":{"start":{"line":87,"column":14},"end":{"line":87,"column":45}},"55":{"start":{"line":89,"column":14},"end":{"line":89,"column":38}},"56":{"start":{"line":92,"column":25},"end":{"line":92,"column":108}},"57":{"start":{"line":93,"column":23},"end":{"line":93,"column":78}},"58":{"start":{"line":94,"column":8},"end":{"line":94,"column":54}}},"fnMap":{"0":{"name":"(anonymous_0)","decl":{"start":{"line":6,"column":13},"end":{"line":6,"column":14}},"loc":{"start":{"line":6,"column":33},"end":{"line":14,"column":5}},"line":6},"1":{"name":"(anonymous_1)","decl":{"start":{"line":16,"column":13},"end":{"line":16,"column":14}},"loc":{"start":{"line":16,"column":33},"end":{"line":20,"column":5}},"line":16},"2":{"name":"(anonymous_2)","decl":{"start":{"line":22,"column":14},"end":{"line":22,"column":15}},"loc":{"start":{"line":22,"column":34},"end":{"line":55,"column":5}},"line":22},"3":{"name":"(anonymous_3)","decl":{"start":{"line":56,"column":15},"end":{"line":56,"column":16}},"loc":{"start":{"line":56,"column":44},"end":{"line":61,"column":5}},"line":56},"4":{"name":"(anonymous_4)","decl":{"start":{"line":62,"column":16},"end":{"line":62,"column":17}},"loc":{"start":{"line":62,"column":36},"end":{"line":71,"column":5}},"line":62},"5":{"name":"(anonymous_5)","decl":{"start":{"line":72,"column":21},"end":{"line":72,"column":22}},"loc":{"start":{"line":72,"column":41},"end":{"line":95,"column":5}},"line":72},"6":{"name":"(anonymous_6)","decl":{"start":{"line":85,"column":126},"end":{"line":85,"column":127}},"loc":{"start":{"line":85,"column":135},"end":{"line":91,"column":9}},"line":85}},"branchMap":{"0":{"loc":{"start":{"line":9,"column":8},"end":{"line":11,"column":9}},"type":"if","locations":[{"start":{"line":9,"column":8},"end":{"line":11,"column":9}},{"start":{},"end":{}}],"line":9},"1":{"loc":{"start":{"line":9,"column":13},"end":{"line":9,"column":125}},"type":"binary-expr","locations":[{"start":{"line":9,"column":13},"end":{"line":9,"column":26}},{"start":{"line":9,"column":30},"end":{"line":9,"column":36}},{"start":{"line":9,"column":40},"end":{"line":9,"column":53}},{"start":{"line":9,"column":57},"end":{"line":9,"column":62}},{"start":{"line":9,"column":66},"end":{"line":9,"column":70}},{"start":{"line":9,"column":74},"end":{"line":9,"column":83}},{"start":{"line":9,"column":87},"end":{"line":9,"column":96}},{"start":{"line":9,"column":100},"end":{"line":9,"column":110}},{"start":{"line":9,"column":114},"end":{"line":9,"column":125}}],"line":9},"2":{"loc":{"start":{"line":29,"column":8},"end":{"line":34,"column":9}},"type":"if","locations":[{"start":{"line":29,"column":8},"end":{"line":34,"column":9}},{"start":{},"end":{}}],"line":29},"3":{"loc":{"start":{"line":38,"column":8},"end":{"line":50,"column":9}},"type":"if","locations":[{"start":{"line":38,"column":8},"end":{"line":50,"column":9}},{"start":{"line":48,"column":12},"end":{"line":50,"column":9}}],"line":38},"4":{"loc":{"start":{"line":58,"column":8},"end":{"line":60,"column":9}},"type":"if","locations":[{"start":{"line":58,"column":8},"end":{"line":60,"column":9}},{"start":{},"end":{}}],"line":58},"5":{"loc":{"start":{"line":65,"column":8},"end":{"line":67,"column":9}},"type":"if","locations":[{"start":{"line":65,"column":8},"end":{"line":67,"column":9}},{"start":{},"end":{}}],"line":65},"6":{"loc":{"start":{"line":76,"column":8},"end":{"line":78,"column":9}},"type":"if","locations":[{"start":{"line":76,"column":8},"end":{"line":78,"column":9}},{"start":{},"end":{}}],"line":76},"7":{"loc":{"start":{"line":79,"column":8},"end":{"line":83,"column":9}},"type":"if","locations":[{"start":{"line":79,"column":8},"end":{"line":83,"column":9}},{"start":{},"end":{}}],"line":79},"8":{"loc":{"start":{"line":86,"column":12},"end":{"line":90,"column":13}},"type":"if","locations":[{"start":{"line":86,"column":12},"end":{"line":90,"column":13}},{"start":{"line":88,"column":19},"end":{"line":90,"column":13}}],"line":86}},"s":{"0":1,"1":1,"2":1,"3":1,"4":0,"5":0,"6":0,"7":0,"8":0,"9":0,"10":0,"11":0,"12":0,"13":0,"14":0,"15":0,"16":0,"17":0,"18":0,"19":0,"20":0,"21":0,"22":0,"23":0,"24":0,"25":0,"26":0,"27":0,"28":0,"29":0,"30":0,"31":0,"32":0,"33":0,"34":0,"35":0,"36":0,"37":0,"38":0,"39":0,"40":0,"41":0,"42":0,"43":0,"44":0,"45":0,"46":0,"47":0,"48":0,"49":0,"50":0,"51":0,"52":0,"53":0,"54":0,"55":0,"56":0,"57":0,"58":0},"f":{"0":0,"1":0,"2":0,"3":0,"4":0,"5":0,"6":0},"b":{"0":[0,0],"1":[0,0,0,0,0,0,0,0,0],"2":[0,0],"3":[0,0],"4":[0,0],"5":[0,0],"6":[0,0],"7":[0,0],"8":[0,0]},"_coverageSchema":"1a1c01bbd47fc00a2c39e90264f33305004495a9","hash":"86647afddb4ea016d6a3b8a9accc355bb57a368a"}
,"/home/ubuntu/WeShare/backend/controllers/orderController.js": {"path":"/home/ubuntu/WeShare/backend/controllers/orderController.js","statementMap":{"0":{"start":{"line":1,"column":38},"end":{"line":1,"column":68}},"1":{"start":{"line":2,"column":19},"end":{"line":2,"column":50}},"2":{"start":{"line":3,"column":19},"end":{"line":3,"column":50}},"3":{"start":{"line":5,"column":0},"end":{"line":39,"column":1}},"4":{"start":{"line":7,"column":25},"end":{"line":7,"column":36}},"5":{"start":{"line":8,"column":24},"end":{"line":8,"column":52}},"6":{"start":{"line":9,"column":27},"end":{"line":9,"column":56}},"7":{"start":{"line":10,"column":26},"end":{"line":10,"column":46}},"8":{"start":{"line":11,"column":8},"end":{"line":15,"column":9}},"9":{"start":{"line":12,"column":12},"end":{"line":14,"column":14}},"10":{"start":{"line":16,"column":23},"end":{"line":16,"column":83}},"11":{"start":{"line":17,"column":22},"end":{"line":17,"column":92}},"12":{"start":{"line":18,"column":8},"end":{"line":18,"column":55}},"13":{"start":{"line":21,"column":26},"end":{"line":21,"column":37}},"14":{"start":{"line":22,"column":25},"end":{"line":22,"column":54}},"15":{"start":{"line":23,"column":20},"end":{"line":23,"column":58}},"16":{"start":{"line":24,"column":8},"end":{"line":28,"column":9}},"17":{"start":{"line":25,"column":12},"end":{"line":27,"column":14}},"18":{"start":{"line":29,"column":27},"end":{"line":29,"column":65}},"19":{"start":{"line":30,"column":8},"end":{"line":34,"column":9}},"20":{"start":{"line":31,"column":12},"end":{"line":33,"column":14}},"21":{"start":{"line":35,"column":23},"end":{"line":35,"column":65}},"22":{"start":{"line":36,"column":22},"end":{"line":36,"column":100}},"23":{"start":{"line":37,"column":8},"end":{"line":37,"column":55}}},"fnMap":{"0":{"name":"(anonymous_0)","decl":{"start":{"line":6,"column":14},"end":{"line":6,"column":15}},"loc":{"start":{"line":6,"column":34},"end":{"line":19,"column":5}},"line":6},"1":{"name":"(anonymous_1)","decl":{"start":{"line":20,"column":16},"end":{"line":20,"column":17}},"loc":{"start":{"line":20,"column":36},"end":{"line":38,"column":5}},"line":20}},"branchMap":{"0":{"loc":{"start":{"line":11,"column":8},"end":{"line":15,"column":9}},"type":"if","locations":[{"start":{"line":11,"column":8},"end":{"line":15,"column":9}},{"start":{},"end":{}}],"line":11},"1":{"loc":{"start":{"line":24,"column":8},"end":{"line":28,"column":9}},"type":"if","locations":[{"start":{"line":24,"column":8},"end":{"line":28,"column":9}},{"start":{},"end":{}}],"line":24},"2":{"loc":{"start":{"line":30,"column":8},"end":{"line":34,"column":9}},"type":"if","locations":[{"start":{"line":30,"column":8},"end":{"line":34,"column":9}},{"start":{},"end":{}}],"line":30}},"s":{"0":1,"1":1,"2":1,"3":1,"4":0,"5":0,"6":0,"7":0,"8":0,"9":0,"10":0,"11":0,"12":0,"13":0,"14":0,"15":0,"16":0,"17":0,"18":0,"19":0,"20":0,"21":0,"22":0,"23":0},"f":{"0":0,"1":0},"b":{"0":[0,0],"1":[0,0],"2":[0,0]},"_coverageSchema":"1a1c01bbd47fc00a2c39e90264f33305004495a9","hash":"af525f11c744d41f0832136a19690fe45ad9e3fc"}
,"/home/ubuntu/WeShare/backend/controllers/userController.js": {"path":"/home/ubuntu/WeShare/backend/controllers/userController.js","statementMap":{"0":{"start":{"line":1,"column":18},"end":{"line":1,"column":48}},"1":{"start":{"line":2,"column":13},"end":{"line":2,"column":37}},"2":{"start":{"line":4,"column":0},"end":{"line":50,"column":1}},"3":{"start":{"line":6,"column":36},"end":{"line":6,"column":44}},"4":{"start":{"line":7,"column":8},"end":{"line":9,"column":9}},"5":{"start":{"line":8,"column":12},"end":{"line":8,"column":86}},"6":{"start":{"line":11,"column":23},"end":{"line":11,"column":67}},"7":{"start":{"line":12,"column":8},"end":{"line":16,"column":9}},"8":{"start":{"line":13,"column":12},"end":{"line":13,"column":59}},"9":{"start":{"line":15,"column":12},"end":{"line":15,"column":58}},"10":{"start":{"line":19,"column":42},"end":{"line":19,"column":50}},"11":{"start":{"line":20,"column":8},"end":{"line":22,"column":9}},"12":{"start":{"line":21,"column":12},"end":{"line":21,"column":78}},"13":{"start":{"line":24,"column":28},"end":{"line":24,"column":53}},"14":{"start":{"line":25,"column":8},"end":{"line":27,"column":9}},"15":{"start":{"line":26,"column":12},"end":{"line":26,"column":80}},"16":{"start":{"line":29,"column":26},"end":{"line":29,"column":61}},"17":{"start":{"line":30,"column":8},"end":{"line":32,"column":9}},"18":{"start":{"line":31,"column":12},"end":{"line":31,"column":75}},"19":{"start":{"line":33,"column":23},"end":{"line":33,"column":70}},"20":{"start":{"line":34,"column":8},"end":{"line":34,"column":53}},"21":{"start":{"line":37,"column":22},"end":{"line":37,"column":33}},"22":{"start":{"line":38,"column":32},"end":{"line":38,"column":40}},"23":{"start":{"line":39,"column":23},"end":{"line":39,"column":74}},"24":{"start":{"line":40,"column":8},"end":{"line":40,"column":53}},"25":{"start":{"line":43,"column":24},"end":{"line":43,"column":37}},"26":{"start":{"line":44,"column":26},"end":{"line":44,"column":66}},"27":{"start":{"line":45,"column":26},"end":{"line":45,"column":66}},"28":{"start":{"line":46,"column":8},"end":{"line":46,"column":46}},"29":{"start":{"line":47,"column":8},"end":{"line":47,"column":30}},"30":{"start":{"line":48,"column":8},"end":{"line":48,"column":56}}},"fnMap":{"0":{"name":"(anonymous_0)","decl":{"start":{"line":5,"column":12},"end":{"line":5,"column":13}},"loc":{"start":{"line":5,"column":32},"end":{"line":17,"column":5}},"line":5},"1":{"name":"(anonymous_1)","decl":{"start":{"line":18,"column":12},"end":{"line":18,"column":13}},"loc":{"start":{"line":18,"column":32},"end":{"line":35,"column":5}},"line":18},"2":{"name":"(anonymous_2)","decl":{"start":{"line":36,"column":19},"end":{"line":36,"column":20}},"loc":{"start":{"line":36,"column":39},"end":{"line":41,"column":5}},"line":36},"3":{"name":"(anonymous_3)","decl":{"start":{"line":42,"column":16},"end":{"line":42,"column":17}},"loc":{"start":{"line":42,"column":36},"end":{"line":49,"column":5}},"line":42}},"branchMap":{"0":{"loc":{"start":{"line":7,"column":8},"end":{"line":9,"column":9}},"type":"if","locations":[{"start":{"line":7,"column":8},"end":{"line":9,"column":9}},{"start":{},"end":{}}],"line":7},"1":{"loc":{"start":{"line":7,"column":13},"end":{"line":7,"column":32}},"type":"binary-expr","locations":[{"start":{"line":7,"column":13},"end":{"line":7,"column":19}},{"start":{"line":7,"column":23},"end":{"line":7,"column":32}}],"line":7},"2":{"loc":{"start":{"line":12,"column":8},"end":{"line":16,"column":9}},"type":"if","locations":[{"start":{"line":12,"column":8},"end":{"line":16,"column":9}},{"start":{"line":14,"column":15},"end":{"line":16,"column":9}}],"line":12},"3":{"loc":{"start":{"line":20,"column":8},"end":{"line":22,"column":9}},"type":"if","locations":[{"start":{"line":20,"column":8},"end":{"line":22,"column":9}},{"start":{},"end":{}}],"line":20},"4":{"loc":{"start":{"line":20,"column":13},"end":{"line":20,"column":41}},"type":"binary-expr","locations":[{"start":{"line":20,"column":13},"end":{"line":20,"column":18}},{"start":{"line":20,"column":22},"end":{"line":20,"column":28}},{"start":{"line":20,"column":32},"end":{"line":20,"column":41}}],"line":20},"5":{"loc":{"start":{"line":25,"column":8},"end":{"line":27,"column":9}},"type":"if","locations":[{"start":{"line":25,"column":8},"end":{"line":27,"column":9}},{"start":{},"end":{}}],"line":25},"6":{"loc":{"start":{"line":30,"column":8},"end":{"line":32,"column":9}},"type":"if","locations":[{"start":{"line":30,"column":8},"end":{"line":32,"column":9}},{"start":{},"end":{}}],"line":30}},"s":{"0":1,"1":1,"2":1,"3":0,"4":0,"5":0,"6":0,"7":0,"8":0,"9":0,"10":5,"11":5,"12":3,"13":2,"14":2,"15":0,"16":2,"17":2,"18":2,"19":0,"20":0,"21":0,"22":0,"23":0,"24":0,"25":0,"26":0,"27":0,"28":0,"29":0,"30":0},"f":{"0":0,"1":5,"2":0,"3":0},"b":{"0":[0,0],"1":[0,0],"2":[0,0],"3":[3,2],"4":[5,4,3],"5":[0,2],"6":[2,0]},"_coverageSchema":"1a1c01bbd47fc00a2c39e90264f33305004495a9","hash":"8face38083232e3a3faa0a3380577231e97af893"}
,"/home/ubuntu/WeShare/backend/models/chatModel.js": {"path":"/home/ubuntu/WeShare/backend/models/chatModel.js","statementMap":{"0":{"start":{"line":1,"column":15},"end":{"line":1,"column":32}},"1":{"start":{"line":2,"column":13},"end":{"line":2,"column":37}},"2":{"start":{"line":3,"column":15},"end":{"line":3,"column":39}},"3":{"start":{"line":5,"column":0},"end":{"line":104,"column":1}},"4":{"start":{"line":8,"column":8},"end":{"line":33,"column":9}},"5":{"start":{"line":9,"column":24},"end":{"line":13,"column":13}},"6":{"start":{"line":14,"column":30},"end":{"line":14,"column":84}},"7":{"start":{"line":15,"column":28},"end":{"line":26,"column":14}},"8":{"start":{"line":16,"column":62},"end":{"line":16,"column":68}},"9":{"start":{"line":17,"column":16},"end":{"line":25,"column":18}},"10":{"start":{"line":27,"column":25},"end":{"line":29,"column":13}},"11":{"start":{"line":30,"column":12},"end":{"line":30,"column":23}},"12":{"start":{"line":32,"column":12},"end":{"line":32,"column":60}},"13":{"start":{"line":37,"column":8},"end":{"line":89,"column":9}},"14":{"start":{"line":38,"column":24},"end":{"line":69,"column":13}},"15":{"start":{"line":70,"column":30},"end":{"line":70,"column":64}},"16":{"start":{"line":71,"column":28},"end":{"line":82,"column":14}},"17":{"start":{"line":72,"column":65},"end":{"line":72,"column":71}},"18":{"start":{"line":73,"column":16},"end":{"line":81,"column":18}},"19":{"start":{"line":83,"column":25},"end":{"line":85,"column":13}},"20":{"start":{"line":86,"column":12},"end":{"line":86,"column":23}},"21":{"start":{"line":88,"column":12},"end":{"line":88,"column":67}},"22":{"start":{"line":93,"column":8},"end":{"line":102,"column":9}},"23":{"start":{"line":94,"column":24},"end":{"line":94,"column":93}},"24":{"start":{"line":95,"column":30},"end":{"line":95,"column":76}},"25":{"start":{"line":96,"column":25},"end":{"line":98,"column":13}},"26":{"start":{"line":99,"column":12},"end":{"line":99,"column":23}},"27":{"start":{"line":101,"column":12},"end":{"line":101,"column":61}}},"fnMap":{"0":{"name":"(anonymous_0)","decl":{"start":{"line":7,"column":16},"end":{"line":7,"column":17}},"loc":{"start":{"line":7,"column":51},"end":{"line":34,"column":5}},"line":7},"1":{"name":"(anonymous_1)","decl":{"start":{"line":15,"column":40},"end":{"line":15,"column":41}},"loc":{"start":{"line":15,"column":52},"end":{"line":26,"column":13}},"line":15},"2":{"name":"(anonymous_2)","decl":{"start":{"line":36,"column":23},"end":{"line":36,"column":24}},"loc":{"start":{"line":36,"column":47},"end":{"line":90,"column":5}},"line":36},"3":{"name":"(anonymous_3)","decl":{"start":{"line":71,"column":40},"end":{"line":71,"column":41}},"loc":{"start":{"line":71,"column":52},"end":{"line":82,"column":13}},"line":71},"4":{"name":"(anonymous_4)","decl":{"start":{"line":92,"column":17},"end":{"line":92,"column":18}},"loc":{"start":{"line":92,"column":52},"end":{"line":103,"column":5}},"line":92}},"branchMap":{},"s":{"0":1,"1":1,"2":1,"3":1,"4":0,"5":0,"6":0,"7":0,"8":0,"9":0,"10":0,"11":0,"12":0,"13":0,"14":0,"15":0,"16":0,"17":0,"18":0,"19":0,"20":0,"21":0,"22":0,"23":0,"24":0,"25":0,"26":0,"27":0},"f":{"0":0,"1":0,"2":0,"3":0,"4":0},"b":{},"_coverageSchema":"1a1c01bbd47fc00a2c39e90264f33305004495a9","hash":"c44f53f41b449f55f030fa613f249ba03c341d9a"}
,"/home/ubuntu/WeShare/backend/models/eventModel.js": {"path":"/home/ubuntu/WeShare/backend/models/eventModel.js","statementMap":{"0":{"start":{"line":1,"column":13},"end":{"line":1,"column":37}},"1":{"start":{"line":2,"column":15},"end":{"line":2,"column":39}},"2":{"start":{"line":4,"column":0},"end":{"line":51,"column":1}},"3":{"start":{"line":6,"column":8},"end":{"line":15,"column":9}},"4":{"start":{"line":7,"column":24},"end":{"line":7,"column":107}},"5":{"start":{"line":8,"column":30},"end":{"line":8,"column":91}},"6":{"start":{"line":9,"column":26},"end":{"line":11,"column":13}},"7":{"start":{"line":12,"column":12},"end":{"line":12,"column":25}},"8":{"start":{"line":14,"column":12},"end":{"line":14,"column":58}},"9":{"start":{"line":18,"column":8},"end":{"line":49,"column":9}},"10":{"start":{"line":19,"column":24},"end":{"line":23,"column":76}},"11":{"start":{"line":24,"column":30},"end":{"line":24,"column":55}},"12":{"start":{"line":25,"column":12},"end":{"line":27,"column":13}},"13":{"start":{"line":26,"column":16},"end":{"line":26,"column":26}},"14":{"start":{"line":28,"column":25},"end":{"line":28,"column":27}},"15":{"start":{"line":29,"column":12},"end":{"line":45,"column":15}},"16":{"start":{"line":30,"column":30},"end":{"line":43,"column":17}},"17":{"start":{"line":44,"column":16},"end":{"line":44,"column":35}},"18":{"start":{"line":46,"column":12},"end":{"line":46,"column":26}},"19":{"start":{"line":48,"column":12},"end":{"line":48,"column":60}}},"fnMap":{"0":{"name":"(anonymous_0)","decl":{"start":{"line":5,"column":14},"end":{"line":5,"column":15}},"loc":{"start":{"line":5,"column":69},"end":{"line":16,"column":5}},"line":5},"1":{"name":"(anonymous_1)","decl":{"start":{"line":17,"column":14},"end":{"line":17,"column":15}},"loc":{"start":{"line":17,"column":33},"end":{"line":50,"column":5}},"line":17},"2":{"name":"(anonymous_2)","decl":{"start":{"line":29,"column":24},"end":{"line":29,"column":25}},"loc":{"start":{"line":29,"column":34},"end":{"line":45,"column":13}},"line":29}},"branchMap":{"0":{"loc":{"start":{"line":25,"column":12},"end":{"line":27,"column":13}},"type":"if","locations":[{"start":{"line":25,"column":12},"end":{"line":27,"column":13}},{"start":{},"end":{}}],"line":25}},"s":{"0":1,"1":1,"2":1,"3":0,"4":0,"5":0,"6":0,"7":0,"8":0,"9":0,"10":0,"11":0,"12":0,"13":0,"14":0,"15":0,"16":0,"17":0,"18":0,"19":0},"f":{"0":0,"1":0,"2":0},"b":{"0":[0,0]},"_coverageSchema":"1a1c01bbd47fc00a2c39e90264f33305004495a9","hash":"bfac12f5bec9b2e9aa081e42cd7c590ce8639b4f"}
,"/home/ubuntu/WeShare/backend/models/itemModel.js": {"path":"/home/ubuntu/WeShare/backend/models/itemModel.js","statementMap":{"0":{"start":{"line":1,"column":13},"end":{"line":1,"column":37}},"1":{"start":{"line":2,"column":15},"end":{"line":2,"column":39}},"2":{"start":{"line":3,"column":20},"end":{"line":3,"column":42}},"3":{"start":{"line":5,"column":0},"end":{"line":150,"column":1}},"4":{"start":{"line":8,"column":8},"end":{"line":17,"column":9}},"5":{"start":{"line":9,"column":24},"end":{"line":9,"column":204}},"6":{"start":{"line":10,"column":30},"end":{"line":10,"column":178}},"7":{"start":{"line":11,"column":25},"end":{"line":13,"column":13}},"8":{"start":{"line":14,"column":12},"end":{"line":14,"column":24}},"9":{"start":{"line":16,"column":12},"end":{"line":16,"column":57}},"10":{"start":{"line":20,"column":8},"end":{"line":26,"column":9}},"11":{"start":{"line":21,"column":24},"end":{"line":21,"column":65}},"12":{"start":{"line":22,"column":30},"end":{"line":22,"column":55}},"13":{"start":{"line":23,"column":12},"end":{"line":23,"column":30}},"14":{"start":{"line":25,"column":12},"end":{"line":25,"column":59}},"15":{"start":{"line":29,"column":8},"end":{"line":35,"column":9}},"16":{"start":{"line":30,"column":24},"end":{"line":30,"column":69}},"17":{"start":{"line":31,"column":30},"end":{"line":31,"column":55}},"18":{"start":{"line":32,"column":12},"end":{"line":32,"column":30}},"19":{"start":{"line":34,"column":12},"end":{"line":34,"column":64}},"20":{"start":{"line":38,"column":8},"end":{"line":67,"column":9}},"21":{"start":{"line":39,"column":32},"end":{"line":39,"column":95}},"22":{"start":{"line":40,"column":30},"end":{"line":40,"column":47}},"23":{"start":{"line":41,"column":25},"end":{"line":41,"column":54}},"24":{"start":{"line":42,"column":24},"end":{"line":43,"column":35}},"25":{"start":{"line":44,"column":32},"end":{"line":44,"column":57}},"26":{"start":{"line":45,"column":25},"end":{"line":63,"column":13}},"27":{"start":{"line":64,"column":12},"end":{"line":64,"column":24}},"28":{"start":{"line":66,"column":12},"end":{"line":66,"column":57}},"29":{"start":{"line":71,"column":8},"end":{"line":123,"column":9}},"30":{"start":{"line":72,"column":12},"end":{"line":72,"column":29}},"31":{"start":{"line":73,"column":12},"end":{"line":75,"column":13}},"32":{"start":{"line":74,"column":16},"end":{"line":74,"column":55}},"33":{"start":{"line":76,"column":35},"end":{"line":76,"column":37}},"34":{"start":{"line":77,"column":12},"end":{"line":79,"column":13}},"35":{"start":{"line":78,"column":16},"end":{"line":78,"column":72}},"36":{"start":{"line":80,"column":31},"end":{"line":80,"column":33}},"37":{"start":{"line":81,"column":12},"end":{"line":83,"column":13}},"38":{"start":{"line":82,"column":16},"end":{"line":82,"column":57}},"39":{"start":{"line":84,"column":36},"end":{"line":84,"column":38}},"40":{"start":{"line":85,"column":12},"end":{"line":87,"column":13}},"41":{"start":{"line":86,"column":16},"end":{"line":86,"column":190}},"42":{"start":{"line":88,"column":24},"end":{"line":91,"column":46}},"43":{"start":{"line":92,"column":12},"end":{"line":92,"column":29}},"44":{"start":{"line":93,"column":30},"end":{"line":93,"column":58}},"45":{"start":{"line":94,"column":12},"end":{"line":96,"column":13}},"46":{"start":{"line":95,"column":16},"end":{"line":95,"column":26}},"47":{"start":{"line":97,"column":24},"end":{"line":97,"column":26}},"48":{"start":{"line":98,"column":12},"end":{"line":119,"column":14}},"49":{"start":{"line":99,"column":29},"end":{"line":117,"column":17}},"50":{"start":{"line":118,"column":16},"end":{"line":118,"column":33}},"51":{"start":{"line":120,"column":12},"end":{"line":120,"column":25}},"52":{"start":{"line":122,"column":12},"end":{"line":122,"column":58}},"53":{"start":{"line":126,"column":8},"end":{"line":135,"column":9}},"54":{"start":{"line":127,"column":24},"end":{"line":127,"column":177}},"55":{"start":{"line":128,"column":30},"end":{"line":128,"column":143}},"56":{"start":{"line":129,"column":25},"end":{"line":131,"column":13}},"57":{"start":{"line":132,"column":12},"end":{"line":132,"column":24}},"58":{"start":{"line":134,"column":12},"end":{"line":134,"column":60}},"59":{"start":{"line":138,"column":8},"end":{"line":147,"column":9}},"60":{"start":{"line":139,"column":24},"end":{"line":139,"column":64}},"61":{"start":{"line":140,"column":30},"end":{"line":140,"column":60}},"62":{"start":{"line":141,"column":25},"end":{"line":143,"column":13}},"63":{"start":{"line":144,"column":12},"end":{"line":144,"column":24}},"64":{"start":{"line":146,"column":12},"end":{"line":146,"column":65}}},"fnMap":{"0":{"name":"(anonymous_0)","decl":{"start":{"line":7,"column":13},"end":{"line":7,"column":14}},"loc":{"start":{"line":7,"column":143},"end":{"line":18,"column":5}},"line":7},"1":{"name":"(anonymous_1)","decl":{"start":{"line":19,"column":15},"end":{"line":19,"column":16}},"loc":{"start":{"line":19,"column":36},"end":{"line":27,"column":5}},"line":19},"2":{"name":"(anonymous_2)","decl":{"start":{"line":28,"column":20},"end":{"line":28,"column":21}},"loc":{"start":{"line":28,"column":41},"end":{"line":36,"column":5}},"line":28},"3":{"name":"(anonymous_3)","decl":{"start":{"line":37,"column":13},"end":{"line":37,"column":14}},"loc":{"start":{"line":37,"column":34},"end":{"line":68,"column":5}},"line":37},"4":{"name":"(anonymous_4)","decl":{"start":{"line":70,"column":14},"end":{"line":70,"column":15}},"loc":{"start":{"line":70,"column":82},"end":{"line":124,"column":5}},"line":70},"5":{"name":"(anonymous_5)","decl":{"start":{"line":98,"column":24},"end":{"line":98,"column":25}},"loc":{"start":{"line":98,"column":34},"end":{"line":119,"column":13}},"line":98},"6":{"name":"(anonymous_6)","decl":{"start":{"line":125,"column":16},"end":{"line":125,"column":17}},"loc":{"start":{"line":125,"column":124},"end":{"line":136,"column":5}},"line":125},"7":{"name":"(anonymous_7)","decl":{"start":{"line":137,"column":21},"end":{"line":137,"column":22}},"loc":{"start":{"line":137,"column":47},"end":{"line":148,"column":5}},"line":137}},"branchMap":{"0":{"loc":{"start":{"line":73,"column":12},"end":{"line":75,"column":13}},"type":"if","locations":[{"start":{"line":73,"column":12},"end":{"line":75,"column":13}},{"start":{},"end":{}}],"line":73},"1":{"loc":{"start":{"line":77,"column":12},"end":{"line":79,"column":13}},"type":"if","locations":[{"start":{"line":77,"column":12},"end":{"line":79,"column":13}},{"start":{},"end":{}}],"line":77},"2":{"loc":{"start":{"line":81,"column":12},"end":{"line":83,"column":13}},"type":"if","locations":[{"start":{"line":81,"column":12},"end":{"line":83,"column":13}},{"start":{},"end":{}}],"line":81},"3":{"loc":{"start":{"line":85,"column":12},"end":{"line":87,"column":13}},"type":"if","locations":[{"start":{"line":85,"column":12},"end":{"line":87,"column":13}},{"start":{},"end":{}}],"line":85},"4":{"loc":{"start":{"line":85,"column":16},"end":{"line":85,"column":37}},"type":"binary-expr","locations":[{"start":{"line":85,"column":16},"end":{"line":85,"column":24}},{"start":{"line":85,"column":28},"end":{"line":85,"column":37}}],"line":85},"5":{"loc":{"start":{"line":94,"column":12},"end":{"line":96,"column":13}},"type":"if","locations":[{"start":{"line":94,"column":12},"end":{"line":96,"column":13}},{"start":{},"end":{}}],"line":94}},"s":{"0":1,"1":1,"2":1,"3":1,"4":0,"5":0,"6":0,"7":0,"8":0,"9":0,"10":0,"11":0,"12":0,"13":0,"14":0,"15":0,"16":0,"17":0,"18":0,"19":0,"20":0,"21":0,"22":0,"23":0,"24":0,"25":0,"26":0,"27":0,"28":0,"29":0,"30":0,"31":0,"32":0,"33":0,"34":0,"35":0,"36":0,"37":0,"38":0,"39":0,"40":0,"41":0,"42":0,"43":0,"44":0,"45":0,"46":0,"47":0,"48":0,"49":0,"50":0,"51":0,"52":0,"53":0,"54":0,"55":0,"56":0,"57":0,"58":0,"59":0,"60":0,"61":0,"62":0,"63":0,"64":0},"f":{"0":0,"1":0,"2":0,"3":0,"4":0,"5":0,"6":0,"7":0},"b":{"0":[0,0],"1":[0,0],"2":[0,0],"3":[0,0],"4":[0,0],"5":[0,0]},"_coverageSchema":"1a1c01bbd47fc00a2c39e90264f33305004495a9","hash":"4769641932a9067126cd769d92ee966f71804bca"}
,"/home/ubuntu/WeShare/backend/models/orderModel.js": {"path":"/home/ubuntu/WeShare/backend/models/orderModel.js","statementMap":{"0":{"start":{"line":1,"column":13},"end":{"line":1,"column":37}},"1":{"start":{"line":2,"column":15},"end":{"line":2,"column":39}},"2":{"start":{"line":4,"column":0},"end":{"line":44,"column":1}},"3":{"start":{"line":6,"column":8},"end":{"line":15,"column":9}},"4":{"start":{"line":7,"column":24},"end":{"line":7,"column":105}},"5":{"start":{"line":8,"column":30},"end":{"line":8,"column":92}},"6":{"start":{"line":9,"column":26},"end":{"line":11,"column":13}},"7":{"start":{"line":12,"column":12},"end":{"line":12,"column":25}},"8":{"start":{"line":14,"column":12},"end":{"line":14,"column":58}},"9":{"start":{"line":18,"column":8},"end":{"line":30,"column":9}},"10":{"start":{"line":19,"column":24},"end":{"line":19,"column":99}},"11":{"start":{"line":20,"column":30},"end":{"line":20,"column":61}},"12":{"start":{"line":21,"column":26},"end":{"line":26,"column":13}},"13":{"start":{"line":27,"column":12},"end":{"line":27,"column":25}},"14":{"start":{"line":29,"column":12},"end":{"line":29,"column":56}},"15":{"start":{"line":33,"column":8},"end":{"line":42,"column":9}},"16":{"start":{"line":34,"column":24},"end":{"line":34,"column":72}},"17":{"start":{"line":35,"column":30},"end":{"line":35,"column":70}},"18":{"start":{"line":36,"column":26},"end":{"line":38,"column":13}},"19":{"start":{"line":39,"column":12},"end":{"line":39,"column":25}},"20":{"start":{"line":41,"column":12},"end":{"line":41,"column":60}}},"fnMap":{"0":{"name":"(anonymous_0)","decl":{"start":{"line":5,"column":14},"end":{"line":5,"column":15}},"loc":{"start":{"line":5,"column":61},"end":{"line":16,"column":5}},"line":5},"1":{"name":"(anonymous_1)","decl":{"start":{"line":17,"column":12},"end":{"line":17,"column":13}},"loc":{"start":{"line":17,"column":38},"end":{"line":31,"column":5}},"line":17},"2":{"name":"(anonymous_2)","decl":{"start":{"line":32,"column":16},"end":{"line":32,"column":17}},"loc":{"start":{"line":32,"column":43},"end":{"line":43,"column":5}},"line":32}},"branchMap":{},"s":{"0":1,"1":1,"2":1,"3":0,"4":0,"5":0,"6":0,"7":0,"8":0,"9":0,"10":0,"11":0,"12":0,"13":0,"14":0,"15":0,"16":0,"17":0,"18":0,"19":0,"20":0},"f":{"0":0,"1":0,"2":0},"b":{},"_coverageSchema":"1a1c01bbd47fc00a2c39e90264f33305004495a9","hash":"de3ce0db5f908aae682b9212cd0271ebc394e0eb"}
,"/home/ubuntu/WeShare/backend/models/userModel.js": {"path":"/home/ubuntu/WeShare/backend/models/userModel.js","statementMap":{"0":{"start":{"line":1,"column":15},"end":{"line":1,"column":32}},"1":{"start":{"line":2,"column":13},"end":{"line":2,"column":37}},"2":{"start":{"line":3,"column":15},"end":{"line":3,"column":39}},"3":{"start":{"line":5,"column":0},"end":{"line":126,"column":1}},"4":{"start":{"line":8,"column":8},"end":{"line":24,"column":9}},"5":{"start":{"line":9,"column":28},"end":{"line":9,"column":57}},"6":{"start":{"line":10,"column":24},"end":{"line":10,"column":81}},"7":{"start":{"line":11,"column":30},"end":{"line":11,"column":71}},"8":{"start":{"line":12,"column":25},"end":{"line":16,"column":13}},"9":{"start":{"line":17,"column":25},"end":{"line":20,"column":13}},"10":{"start":{"line":21,"column":12},"end":{"line":21,"column":23}},"11":{"start":{"line":23,"column":12},"end":{"line":23,"column":56}},"12":{"start":{"line":28,"column":8},"end":{"line":49,"column":9}},"13":{"start":{"line":29,"column":24},"end":{"line":29,"column":60}},"14":{"start":{"line":30,"column":29},"end":{"line":30,"column":57}},"15":{"start":{"line":31,"column":12},"end":{"line":46,"column":13}},"16":{"start":{"line":32,"column":16},"end":{"line":32,"column":61}},"17":{"start":{"line":33,"column":19},"end":{"line":46,"column":13}},"18":{"start":{"line":34,"column":16},"end":{"line":34,"column":40}},"19":{"start":{"line":36,"column":29},"end":{"line":40,"column":17}},"20":{"start":{"line":41,"column":29},"end":{"line":44,"column":17}},"21":{"start":{"line":45,"column":16},"end":{"line":45,"column":27}},"22":{"start":{"line":48,"column":12},"end":{"line":48,"column":56}},"23":{"start":{"line":53,"column":8},"end":{"line":61,"column":9}},"24":{"start":{"line":54,"column":24},"end":{"line":54,"column":74}},"25":{"start":{"line":55,"column":30},"end":{"line":55,"column":58}},"26":{"start":{"line":56,"column":12},"end":{"line":56,"column":58}},"27":{"start":{"line":57,"column":30},"end":{"line":57,"column":69}},"28":{"start":{"line":58,"column":12},"end":{"line":58,"column":28}},"29":{"start":{"line":60,"column":12},"end":{"line":60,"column":58}},"30":{"start":{"line":65,"column":8},"end":{"line":71,"column":9}},"31":{"start":{"line":66,"column":24},"end":{"line":66,"column":68}},"32":{"start":{"line":67,"column":30},"end":{"line":67,"column":55}},"33":{"start":{"line":68,"column":12},"end":{"line":68,"column":29}},"34":{"start":{"line":70,"column":12},"end":{"line":70,"column":57}},"35":{"start":{"line":75,"column":8},"end":{"line":84,"column":9}},"36":{"start":{"line":76,"column":24},"end":{"line":76,"column":74}},"37":{"start":{"line":77,"column":12},"end":{"line":77,"column":49}},"38":{"start":{"line":78,"column":25},"end":{"line":80,"column":13}},"39":{"start":{"line":81,"column":12},"end":{"line":81,"column":23}},"40":{"start":{"line":83,"column":12},"end":{"line":83,"column":57}},"41":{"start":{"line":88,"column":8},"end":{"line":103,"column":9}},"42":{"start":{"line":89,"column":24},"end":{"line":89,"column":75}},"43":{"start":{"line":90,"column":32},"end":{"line":90,"column":62}},"44":{"start":{"line":91,"column":25},"end":{"line":99,"column":13}},"45":{"start":{"line":100,"column":12},"end":{"line":100,"column":23}},"46":{"start":{"line":102,"column":12},"end":{"line":102,"column":61}},"47":{"start":{"line":107,"column":8},"end":{"line":124,"column":9}},"48":{"start":{"line":108,"column":24},"end":{"line":108,"column":102}},"49":{"start":{"line":109,"column":30},"end":{"line":109,"column":60}},"50":{"start":{"line":110,"column":29},"end":{"line":120,"column":14}},"51":{"start":{"line":111,"column":68},"end":{"line":111,"column":74}},"52":{"start":{"line":112,"column":16},"end":{"line":119,"column":18}},"53":{"start":{"line":121,"column":12},"end":{"line":121,"column":27}},"54":{"start":{"line":123,"column":12},"end":{"line":123,"column":61}}},"fnMap":{"0":{"name":"(anonymous_0)","decl":{"start":{"line":7,"column":12},"end":{"line":7,"column":13}},"loc":{"start":{"line":7,"column":52},"end":{"line":25,"column":5}},"line":7},"1":{"name":"(anonymous_1)","decl":{"start":{"line":27,"column":12},"end":{"line":27,"column":13}},"loc":{"start":{"line":27,"column":46},"end":{"line":50,"column":5}},"line":27},"2":{"name":"(anonymous_2)","decl":{"start":{"line":52,"column":14},"end":{"line":52,"column":15}},"loc":{"start":{"line":52,"column":38},"end":{"line":62,"column":5}},"line":52},"3":{"name":"(anonymous_3)","decl":{"start":{"line":64,"column":13},"end":{"line":64,"column":14}},"loc":{"start":{"line":64,"column":34},"end":{"line":72,"column":5}},"line":64},"4":{"name":"(anonymous_4)","decl":{"start":{"line":74,"column":19},"end":{"line":74,"column":20}},"loc":{"start":{"line":74,"column":53},"end":{"line":85,"column":5}},"line":74},"5":{"name":"(anonymous_5)","decl":{"start":{"line":87,"column":17},"end":{"line":87,"column":18}},"loc":{"start":{"line":87,"column":43},"end":{"line":104,"column":5}},"line":87},"6":{"name":"(anonymous_6)","decl":{"start":{"line":106,"column":17},"end":{"line":106,"column":18}},"loc":{"start":{"line":106,"column":43},"end":{"line":125,"column":5}},"line":106},"7":{"name":"(anonymous_7)","decl":{"start":{"line":110,"column":41},"end":{"line":110,"column":42}},"loc":{"start":{"line":110,"column":53},"end":{"line":120,"column":13}},"line":110}},"branchMap":{"0":{"loc":{"start":{"line":31,"column":12},"end":{"line":46,"column":13}},"type":"if","locations":[{"start":{"line":31,"column":12},"end":{"line":46,"column":13}},{"start":{"line":33,"column":19},"end":{"line":46,"column":13}}],"line":31},"1":{"loc":{"start":{"line":33,"column":19},"end":{"line":46,"column":13}},"type":"if","locations":[{"start":{"line":33,"column":19},"end":{"line":46,"column":13}},{"start":{"line":35,"column":19},"end":{"line":46,"column":13}}],"line":33},"2":{"loc":{"start":{"line":57,"column":30},"end":{"line":57,"column":69}},"type":"cond-expr","locations":[{"start":{"line":57,"column":57},"end":{"line":57,"column":62}},{"start":{"line":57,"column":65},"end":{"line":57,"column":69}}],"line":57}},"s":{"0":1,"1":1,"2":1,"3":1,"4":0,"5":0,"6":0,"7":0,"8":0,"9":0,"10":0,"11":0,"12":0,"13":0,"14":0,"15":0,"16":0,"17":0,"18":0,"19":0,"20":0,"21":0,"22":0,"23":2,"24":2,"25":2,"26":2,"27":2,"28":2,"29":0,"30":0,"31":0,"32":0,"33":0,"34":0,"35":0,"36":0,"37":0,"38":0,"39":0,"40":0,"41":0,"42":0,"43":0,"44":0,"45":0,"46":0,"47":0,"48":0,"49":0,"50":0,"51":0,"52":0,"53":0,"54":0},"f":{"0":0,"1":0,"2":2,"3":0,"4":0,"5":0,"6":0,"7":0},"b":{"0":[0,0],"1":[0,0],"2":[0,2]},"_coverageSchema":"1a1c01bbd47fc00a2c39e90264f33305004495a9","hash":"144a2c1107a1061b296e683a90f6b59d4b18b9e4"}
,"/home/ubuntu/WeShare/backend/routes/chatRoute.js": {"path":"/home/ubuntu/WeShare/backend/routes/chatRoute.js","statementMap":{"0":{"start":{"line":1,"column":16},"end":{"line":1,"column":34}},"1":{"start":{"line":2,"column":15},"end":{"line":2,"column":31}},"2":{"start":{"line":3,"column":23},"end":{"line":3,"column":63}},"3":{"start":{"line":4,"column":13},"end":{"line":4,"column":37}},"4":{"start":{"line":6,"column":0},"end":{"line":6,"column":93}},"5":{"start":{"line":8,"column":0},"end":{"line":8,"column":71}},"6":{"start":{"line":10,"column":0},"end":{"line":10,"column":75}},"7":{"start":{"line":12,"column":0},"end":{"line":12,"column":24}}},"fnMap":{},"branchMap":{},"s":{"0":1,"1":1,"2":1,"3":1,"4":1,"5":1,"6":1,"7":1},"f":{},"b":{},"_coverageSchema":"1a1c01bbd47fc00a2c39e90264f33305004495a9","hash":"0c87853396b0eaef751445984f53d697167020ab"}
,"/home/ubuntu/WeShare/backend/routes/eventRoute.js": {"path":"/home/ubuntu/WeShare/backend/routes/eventRoute.js","statementMap":{"0":{"start":{"line":1,"column":16},"end":{"line":1,"column":34}},"1":{"start":{"line":2,"column":15},"end":{"line":2,"column":31}},"2":{"start":{"line":3,"column":13},"end":{"line":3,"column":37}},"3":{"start":{"line":4,"column":24},"end":{"line":4,"column":65}},"4":{"start":{"line":6,"column":0},"end":{"line":6,"column":67}},"5":{"start":{"line":8,"column":0},"end":{"line":8,"column":24}}},"fnMap":{},"branchMap":{},"s":{"0":1,"1":1,"2":1,"3":1,"4":1,"5":1},"f":{},"b":{},"_coverageSchema":"1a1c01bbd47fc00a2c39e90264f33305004495a9","hash":"df866c23baec7bcd0659611f85115ac62721c577"}
,"/home/ubuntu/WeShare/backend/routes/itemRoute.js": {"path":"/home/ubuntu/WeShare/backend/routes/itemRoute.js","statementMap":{"0":{"start":{"line":1,"column":16},"end":{"line":1,"column":34}},"1":{"start":{"line":2,"column":15},"end":{"line":2,"column":32}},"2":{"start":{"line":3,"column":15},"end":{"line":3,"column":31}},"3":{"start":{"line":4,"column":13},"end":{"line":4,"column":37}},"4":{"start":{"line":5,"column":23},"end":{"line":5,"column":63}},"5":{"start":{"line":8,"column":14},"end":{"line":15,"column":2}},"6":{"start":{"line":10,"column":8},"end":{"line":10,"column":33}},"7":{"start":{"line":13,"column":8},"end":{"line":13,"column":36}},"8":{"start":{"line":17,"column":15},"end":{"line":22,"column":4}},"9":{"start":{"line":24,"column":0},"end":{"line":24,"column":87}},"10":{"start":{"line":25,"column":0},"end":{"line":25,"column":68}},"11":{"start":{"line":26,"column":0},"end":{"line":26,"column":66}},"12":{"start":{"line":27,"column":0},"end":{"line":27,"column":92}},"13":{"start":{"line":28,"column":0},"end":{"line":28,"column":134}},"14":{"start":{"line":30,"column":0},"end":{"line":30,"column":24}}},"fnMap":{"0":{"name":"(anonymous_0)","decl":{"start":{"line":9,"column":17},"end":{"line":9,"column":18}},"loc":{"start":{"line":9,"column":42},"end":{"line":11,"column":5}},"line":9},"1":{"name":"(anonymous_1)","decl":{"start":{"line":12,"column":14},"end":{"line":12,"column":15}},"loc":{"start":{"line":12,"column":39},"end":{"line":14,"column":5}},"line":12}},"branchMap":{},"s":{"0":1,"1":1,"2":1,"3":1,"4":1,"5":1,"6":0,"7":0,"8":1,"9":1,"10":1,"11":1,"12":1,"13":1,"14":1},"f":{"0":0,"1":0},"b":{},"_coverageSchema":"1a1c01bbd47fc00a2c39e90264f33305004495a9","hash":"11447a661f5bd670de6cd875f7e0fdf799faa42f"}
,"/home/ubuntu/WeShare/backend/routes/orderRoute.js": {"path":"/home/ubuntu/WeShare/backend/routes/orderRoute.js","statementMap":{"0":{"start":{"line":1,"column":16},"end":{"line":1,"column":34}},"1":{"start":{"line":2,"column":15},"end":{"line":2,"column":31}},"2":{"start":{"line":3,"column":13},"end":{"line":3,"column":37}},"3":{"start":{"line":4,"column":24},"end":{"line":4,"column":65}},"4":{"start":{"line":6,"column":0},"end":{"line":6,"column":76}},"5":{"start":{"line":7,"column":0},"end":{"line":7,"column":84}},"6":{"start":{"line":9,"column":0},"end":{"line":9,"column":24}}},"fnMap":{},"branchMap":{},"s":{"0":1,"1":1,"2":1,"3":1,"4":1,"5":1,"6":1},"f":{},"b":{},"_coverageSchema":"1a1c01bbd47fc00a2c39e90264f33305004495a9","hash":"4f137f2acf510b432efeea6208057391bc6960ae"}
,"/home/ubuntu/WeShare/backend/routes/userRoute.js": {"path":"/home/ubuntu/WeShare/backend/routes/userRoute.js","statementMap":{"0":{"start":{"line":1,"column":16},"end":{"line":1,"column":34}},"1":{"start":{"line":2,"column":12},"end":{"line":2,"column":21}},"2":{"start":{"line":3,"column":15},"end":{"line":3,"column":31}},"3":{"start":{"line":4,"column":23},"end":{"line":4,"column":63}},"4":{"start":{"line":5,"column":13},"end":{"line":5,"column":37}},"5":{"start":{"line":7,"column":0},"end":{"line":7,"column":69}},"6":{"start":{"line":8,"column":0},"end":{"line":8,"column":69}},"7":{"start":{"line":10,"column":0},"end":{"line":10,"column":91}},"8":{"start":{"line":12,"column":0},"end":{"line":12,"column":71}},"9":{"start":{"line":14,"column":0},"end":{"line":14,"column":24}}},"fnMap":{},"branchMap":{},"s":{"0":1,"1":1,"2":1,"3":1,"4":1,"5":1,"6":1,"7":1,"8":1,"9":1},"f":{},"b":{},"_coverageSchema":"1a1c01bbd47fc00a2c39e90264f33305004495a9","hash":"48fb39780d753612daf8713802b4d80c95daf9e0"}
,"/home/ubuntu/WeShare/backend/utils/util.js": {"path":"/home/ubuntu/WeShare/backend/utils/util.js","statementMap":{"0":{"start":{"line":1,"column":12},"end":{"line":1,"column":35}},"1":{"start":{"line":2,"column":14},"end":{"line":2,"column":39}},"2":{"start":{"line":3,"column":0},"end":{"line":3,"column":27}},"3":{"start":{"line":5,"column":11},"end":{"line":10,"column":2}},"4":{"start":{"line":12,"column":0},"end":{"line":68,"column":1}},"5":{"start":{"line":17,"column":22},"end":{"line":17,"column":47}},"6":{"start":{"line":18,"column":8},"end":{"line":20,"column":9}},"7":{"start":{"line":19,"column":12},"end":{"line":19,"column":72}},"8":{"start":{"line":21,"column":28},"end":{"line":21,"column":47}},"9":{"start":{"line":22,"column":8},"end":{"line":29,"column":9}},"10":{"start":{"line":24,"column":28},"end":{"line":24,"column":62}},"11":{"start":{"line":25,"column":12},"end":{"line":25,"column":31}},"12":{"start":{"line":26,"column":12},"end":{"line":26,"column":19}},"13":{"start":{"line":28,"column":12},"end":{"line":28,"column":68}},"14":{"start":{"line":33,"column":21},"end":{"line":33,"column":44}},"15":{"start":{"line":34,"column":8},"end":{"line":36,"column":26}},"16":{"start":{"line":35,"column":12},"end":{"line":35,"column":74}},"17":{"start":{"line":36,"column":17},"end":{"line":36,"column":24}},"18":{"start":{"line":40,"column":21},"end":{"line":40,"column":44}},"19":{"start":{"line":41,"column":8},"end":{"line":41,"column":56}},"20":{"start":{"line":42,"column":8},"end":{"line":45,"column":26}},"21":{"start":{"line":43,"column":12},"end":{"line":43,"column":48}},"22":{"start":{"line":44,"column":12},"end":{"line":44,"column":74}},"23":{"start":{"line":45,"column":17},"end":{"line":45,"column":24}},"24":{"start":{"line":50,"column":22},"end":{"line":50,"column":71}},"25":{"start":{"line":51,"column":8},"end":{"line":51,"column":21}},"26":{"start":{"line":55,"column":27},"end":{"line":55,"column":55}},"27":{"start":{"line":56,"column":8},"end":{"line":60,"column":9}},"28":{"start":{"line":57,"column":12},"end":{"line":57,"column":23}},"29":{"start":{"line":59,"column":12},"end":{"line":59,"column":24}},"30":{"start":{"line":64,"column":8},"end":{"line":64,"column":56}},"31":{"start":{"line":65,"column":8},"end":{"line":65,"column":29}},"32":{"start":{"line":66,"column":8},"end":{"line":66,"column":63}}},"fnMap":{"0":{"name":"(anonymous_0)","decl":{"start":{"line":16,"column":22},"end":{"line":16,"column":23}},"loc":{"start":{"line":16,"column":42},"end":{"line":30,"column":5}},"line":16},"1":{"name":"(anonymous_1)","decl":{"start":{"line":32,"column":20},"end":{"line":32,"column":21}},"loc":{"start":{"line":32,"column":38},"end":{"line":37,"column":5}},"line":32},"2":{"name":"(anonymous_2)","decl":{"start":{"line":39,"column":25},"end":{"line":39,"column":26}},"loc":{"start":{"line":39,"column":43},"end":{"line":46,"column":5}},"line":39},"3":{"name":"(anonymous_3)","decl":{"start":{"line":48,"column":19},"end":{"line":48,"column":20}},"loc":{"start":{"line":48,"column":32},"end":{"line":52,"column":5}},"line":48},"4":{"name":"(anonymous_4)","decl":{"start":{"line":54,"column":19},"end":{"line":54,"column":20}},"loc":{"start":{"line":54,"column":30},"end":{"line":61,"column":5}},"line":54},"5":{"name":"(anonymous_5)","decl":{"start":{"line":63,"column":19},"end":{"line":63,"column":20}},"loc":{"start":{"line":63,"column":37},"end":{"line":67,"column":5}},"line":63}},"branchMap":{"0":{"loc":{"start":{"line":9,"column":14},"end":{"line":9,"column":74}},"type":"cond-expr","locations":[{"start":{"line":9,"column":48},"end":{"line":9,"column":62}},{"start":{"line":9,"column":65},"end":{"line":9,"column":74}}],"line":9},"1":{"loc":{"start":{"line":18,"column":8},"end":{"line":20,"column":9}},"type":"if","locations":[{"start":{"line":18,"column":8},"end":{"line":20,"column":9}},{"start":{},"end":{}}],"line":18},"2":{"loc":{"start":{"line":18,"column":12},"end":{"line":18,"column":50}},"type":"binary-expr","locations":[{"start":{"line":18,"column":12},"end":{"line":18,"column":18}},{"start":{"line":18,"column":22},"end":{"line":18,"column":50}}],"line":18},"3":{"loc":{"start":{"line":34,"column":8},"end":{"line":36,"column":26}},"type":"if","locations":[{"start":{"line":34,"column":8},"end":{"line":36,"column":26}},{"start":{"line":36,"column":15},"end":{"line":36,"column":26}}],"line":34},"4":{"loc":{"start":{"line":42,"column":8},"end":{"line":45,"column":26}},"type":"if","locations":[{"start":{"line":42,"column":8},"end":{"line":45,"column":26}},{"start":{"line":45,"column":15},"end":{"line":45,"column":26}}],"line":42},"5":{"loc":{"start":{"line":56,"column":8},"end":{"line":60,"column":9}},"type":"if","locations":[{"start":{"line":56,"column":8},"end":{"line":60,"column":9}},{"start":{"line":58,"column":15},"end":{"line":60,"column":9}}],"line":56}},"s":{"0":1,"1":1,"2":1,"3":1,"4":1,"5":0,"6":0,"7":0,"8":0,"9":0,"10":0,"11":0,"12":0,"13":0,"14":5,"15":5,"16":0,"17":5,"18":0,"19":0,"20":0,"21":0,"22":0,"23":0,"24":0,"25":0,"26":2,"27":2,"28":2,"29":0,"30":0,"31":0,"32":0},"f":{"0":0,"1":5,"2":0,"3":0,"4":2,"5":0},"b":{"0":[1,0],"1":[0,0],"2":[0,0],"3":[0,5],"4":[0,0],"5":[2,0]},"_coverageSchema":"1a1c01bbd47fc00a2c39e90264f33305004495a9","hash":"7d6d96f3bc936e14af7c13cd42c09e6d23b8d491"}
}
